<?xml version="1.0" encoding="UTF-8"?>
<!-- Generated by org.testng.reporters.JUnitXMLReporter -->
<testsuite hostname="RAKESH" ignored="0" name="Test" tests="1" failures="1" timestamp="2022-10-23T13:02:07 IST" time="34.834" errors="0">
  <testcase name="movieInfoValidation" time="25.179" classname="testcases.MovieInfoValidation">
    <failure type="java.lang.AssertionError" message="The following asserts failed:
	Validation failed : ">
      <![CDATA[java.lang.AssertionError: The following asserts failed:
Validation failed : 
at testcases.MovieInfoValidation.movieInfoValidation(MovieInfoValidation.java:77)
at java.util.ArrayList.forEach(ArrayList.java:1257)
... Removed 29 stack frames]]>
    </failure>
  </testcase> <!-- movieInfoValidation -->
</testsuite> <!-- Test -->
